<?xml version="1.0" encoding="UTF-8"?>
<!-- Generated by org.testng.reporters.JUnitReportReporter -->
<testsuite hostname="IRENEs-MacBook-Pro.local" failures="0" tests="1" name="test.SeleniumDemo" time="22.401" errors="0" timestamp="2022-03-15T20:01:28 CST" skipped="0">
  <testcase classname="test.SeleniumDemo" name="sampleTestMethod3" time="22.401"/>
  <system-out/>
</testsuite> <!-- test.SeleniumDemo -->
